<?xml version="1.0" encoding="UTF-8"?>
<Site BuildName="(empty)"
	BuildStamp="20251122-0154-Experimental"
	Name="(empty)"
	Generator="ctest-4.2.0"
	CompilerName=""
	CompilerVersion=""
	OSName="Linux"
	Hostname="archlinux"
	OSRelease="6.17.9-arch1-1"
	OSVersion="#1 SMP PREEMPT_DYNAMIC Mon, 24 Nov 2025 15:21:09 +0000"
	OSPlatform="x86_64"
	Is64Bits="1"
	VendorString="GenuineIntel"
	VendorID="Intel Corporation"
	FamilyID="6"
	ModelID="154"
	ModelName="12th Gen Intel(R) Core(TM) i7-1260P"
	ProcessorCacheSize="18432"
	NumberOfLogicalCPU="16"
	NumberOfPhysicalCPU="12"
	TotalVirtualMemory="16383"
	TotalPhysicalMemory="15599"
	LogicalProcessorsPerPhysical="1"
	ProcessorClockFrequency="2990.71"
	>
	<Testing>
		<StartDateTime>Nov 26 10:49 MSK</StartDateTime>
		<StartTestTime>1764143354</StartTestTime>
		<TestList/>
		<EndDateTime>Nov 26 10:49 MSK</EndDateTime>
		<EndTestTime>1764143354</EndTestTime>
		<ElapsedMinutes>0</ElapsedMinutes>
	</Testing>
</Site>
